<?xml version="1.0" encoding="UTF-8"?>
<!-- Generated by org.testng.reporters.JUnitReportReporter -->
<testsuite hostname="DESKTOP-NCSK55S" failures="0" tests="1" name="com.testscripts.tc001" time="29.088" errors="0" timestamp="2022-08-10T18:05:01 IST" skipped="0">
  <testcase classname="com.testscripts.tc001" name="hrmlogin" time="29.088"/>
  <system-out>
    <![CDATA[ login execuation started
 login method excuted]]>
  </system-out>
</testsuite> <!-- com.testscripts.tc001 -->
