<?xml version="1.0" encoding="UTF-8"?>
<!-- Generated by org.testng.reporters.JUnitReportReporter -->
<testsuite hostname="DESKTOP-NCSK55S" failures="0" tests="2" name="com.testscripts.tc002" time="60.002" errors="0" timestamp="2022-08-10T19:07:12 IST" skipped="0">
  <testcase classname="com.testscripts.tc002" name="addcustomerpage" time="30.651"/>
  <system-out/>
  <testcase classname="com.testscripts.tc002" name="hrmlogin" time="29.351"/>
  <system-out>
    <![CDATA[ login execuation started
 login method excuted]]>
  </system-out>
</testsuite> <!-- com.testscripts.tc002 -->
